<?xml version="1.0" encoding="UTF-8"?>
<testng-results ignored="0" total="1" passed="1" failed="0" skipped="0">
  <reporter-output>
  </reporter-output>
  <suite started-at="2024-03-11T01:34:50 MST" name="Suite" finished-at="2024-03-11T01:34:50 MST" duration-ms="49">
    <groups>
    </groups>
    <test started-at="2024-03-11T01:34:50 MST" name="Test" finished-at="2024-03-11T01:34:50 MST" duration-ms="49">
      <class name="TestNG_Day2.ParameterizedTest">
        <test-method signature="parameterTest(java.lang.String)[pri:0, instance:TestNG_Day2.ParameterizedTest@273e7444]" started-at="2024-03-11T01:34:50 MST" name="parameterTest" finished-at="2024-03-11T01:34:50 MST" duration-ms="9" status="PASS">
          <params>
            <param index="0">
              <value>
                <![CDATA[Sam]]>
              </value>
            </param>
          </params>
          <reporter-output>
          </reporter-output>
        </test-method> <!-- parameterTest -->
      </class> <!-- TestNG_Day2.ParameterizedTest -->
    </test> <!-- Test -->
  </suite> <!-- Suite -->
</testng-results>
